<?xml version="1.0" encoding="UTF-8"?>
<testsuite xmlns:xsi="http://www.w3.org/2001/XMLSchema-instance" xsi:noNamespaceSchemaLocation="https://maven.apache.org/surefire/maven-surefire-plugin/xsd/surefire-test-report-3.0.xsd" version="3.0" name="uma.master.isia.refactoring.ForEachToWhileVisitorTest" time="0.164" tests="7" errors="0" skipped="0" failures="0">
  <properties>
[...]
</properties>
  <testcase name="testStructural_ForEachWithBreakPrimitiveValues" classname="uma.master.isia.refactoring.ForEachToWhileVisitorTest" time="0.031"/>
  <testcase name="testStructural_ForEachWithoutBreak" classname="uma.master.isia.refactoring.ForEachToWhileVisitorTest" time="0.013"/>
  <testcase name="testStructural_ForEachWithBreakWithVector" classname="uma.master.isia.refactoring.ForEachToWhileVisitorTest" time="0.027"/>
  <testcase name="testStructural_ForEachWithContinueAndIterator" classname="uma.master.isia.refactoring.ForEachToWhileVisitorTest" time="0.025"/>
  <testcase name="testStructural_ForEachWithLabelContinue" classname="uma.master.isia.refactoring.ForEachToWhileVisitorTest" time="0.022"/>
  <testcase name="testStructural_ForEachWithUnknowClass" classname="uma.master.isia.refactoring.ForEachToWhileVisitorTest" time="0.023"/>
  <testcase name="testStructural_ForEachWithLabelBreak" classname="uma.master.isia.refactoring.ForEachToWhileVisitorTest" time="0.022"/>
</testsuite>