<?xml version="1.0" encoding="UTF-8"?>
<testsuite xmlns:xsi="http://www.w3.org/2001/XMLSchema-instance" xsi:noNamespaceSchemaLocation="https://maven.apache.org/surefire/maven-surefire-plugin/xsd/surefire-test-report-3.0.xsd" version="3.0" name="uma.master.isia.refactoring.StructuralTest" time="1.369" tests="46" errors="0" skipped="0" failures="0">
  <properties>
[...]
</properties>
  <testcase name="testTwoForeachWithBreak_ejemplo18" classname="uma.master.isia.refactoring.StructuralTest" time="0.063"/>
  <testcase name="testInvalidCodeDoesNotCrashBreak" classname="uma.master.isia.refactoring.StructuralTest" time="0.007"/>
  <testcase name="testBehaviorPreserved_ForWithBreak" classname="uma.master.isia.refactoring.StructuralTest" time="0.171"/>
  <testcase name="testEnhancedForWithoutBlock" classname="uma.master.isia.refactoring.StructuralTest" time="0.014"/>
  <testcase name="testEnhancedForWithoutBreak" classname="uma.master.isia.refactoring.StructuralTest" time="0.029"/>
  <testcase name="testBehaviorPreserved_ForAndWhileWithBreak_ejemplo2" classname="uma.master.isia.refactoring.StructuralTest" time="0.161"/>
  <testcase name="testNestedWhileWithtBreak_ejemplo8" classname="uma.master.isia.refactoring.StructuralTest" time="0.02"/>
  <testcase name="testDoWhileWithBreak_ejemplo18" classname="uma.master.isia.refactoring.StructuralTest" time="0.012"/>
  <testcase name="testRefactoredCodeCompiles_ejemplo2" classname="uma.master.isia.refactoring.StructuralTest" time="0.092"/>
  <testcase name="testMixedForWithWhile_ejemplo39" classname="uma.master.isia.refactoring.StructuralTest" time="0.021"/>
  <testcase name="testForContinueOfSwitch" classname="uma.master.isia.refactoring.StructuralTest" time="0.011"/>
  <testcase name="testSimpleWhileWithoutBreak_ejemplo4" classname="uma.master.isia.refactoring.StructuralTest" time="0.011"/>
  <testcase name="testNestedTries_ejemplo52" classname="uma.master.isia.refactoring.StructuralTest" time="0.037"/>
  <testcase name="testMixedBreakWithContinue_ejemplo35" classname="uma.master.isia.refactoring.StructuralTest" time="0.017"/>
  <testcase name="testStructural_ForEachToWhileWithIterator" classname="uma.master.isia.refactoring.StructuralTest" time="0.024"/>
  <testcase name="testWhileWithNestedContinue_ejemplo19" classname="uma.master.isia.refactoring.StructuralTest" time="0.015"/>
  <testcase name="testParallelExceptions_ejemplo50" classname="uma.master.isia.refactoring.StructuralTest" time="0.024"/>
  <testcase name="testParallelExceptions_ejemplo51" classname="uma.master.isia.refactoring.StructuralTest" time="0.023"/>
  <testcase name="testParallelWhilesBreaks_ejemplo27" classname="uma.master.isia.refactoring.StructuralTest" time="0.015"/>
  <testcase name="testWhileInsideTry_ejemplo41" classname="uma.master.isia.refactoring.StructuralTest" time="0.016"/>
  <testcase name="testTryAndFinallyBreaks_ejemplo44" classname="uma.master.isia.refactoring.StructuralTest" time="0.019"/>
  <testcase name="testBreakBelongingSwitchWithDefaultAndExtraBreak_ejemplo45c" classname="uma.master.isia.refactoring.StructuralTest" time="0.015"/>
  <testcase name="testNestedDoWhileInWhile_ejemplo34" classname="uma.master.isia.refactoring.StructuralTest" time="0.02"/>
  <testcase name="testSimpleWhileWithBreak_ejemplo3" classname="uma.master.isia.refactoring.StructuralTest" time="0.019"/>
  <testcase name="testRefactoredCodeCompiles" classname="uma.master.isia.refactoring.StructuralTest" time="0.093"/>
  <testcase name="testShouldNotTransformSimpleFor" classname="uma.master.isia.refactoring.StructuralTest" time="0.004"/>
  <testcase name="testWhileWithNestedIf_ejemplo10" classname="uma.master.isia.refactoring.StructuralTest" time="0.008"/>
  <testcase name="testSimpleExceptionBreakInCatch_ejemplo21" classname="uma.master.isia.refactoring.StructuralTest" time="0.01"/>
  <testcase name="testNestedTryInFinally_ejemplo53" classname="uma.master.isia.refactoring.StructuralTest" time="0.03"/>
  <testcase name="testSimpleExceptionInWhile_ejemplo20" classname="uma.master.isia.refactoring.StructuralTest" time="0.017"/>
  <testcase name="testSimpleExceptionBreakInFinally_ejemplo22" classname="uma.master.isia.refactoring.StructuralTest" time="0.02"/>
  <testcase name="testSomeEnhancedFor_ejemplo57" classname="uma.master.isia.refactoring.StructuralTest" time="0.052"/>
  <testcase name="testForEachToWhileWithBreak" classname="uma.master.isia.refactoring.StructuralTest" time="0.017"/>
  <testcase name="testNestedExceptionsMixedBreaksAndContinues_ejemplo55" classname="uma.master.isia.refactoring.StructuralTest" time="0.032"/>
  <testcase name="testManyBreaks_ejemplo25" classname="uma.master.isia.refactoring.StructuralTest" time="0.014"/>
  <testcase name="testTryTwoCatchs_ejemplo43" classname="uma.master.isia.refactoring.StructuralTest" time="0.019"/>
  <testcase name="testForToWhileWithBreak" classname="uma.master.isia.refactoring.StructuralTest" time="0.01"/>
  <testcase name="testInvalidCodeDoesNotCrashContinue" classname="uma.master.isia.refactoring.StructuralTest" time="0.005"/>
  <testcase name="testBreakBelongingSwitchWithDefault_ejemplo45b" classname="uma.master.isia.refactoring.StructuralTest" time="0.012"/>
  <testcase name="testWhileWithBreakInElse_ejemplo14" classname="uma.master.isia.refactoring.StructuralTest" time="0.015"/>
  <testcase name="testdWhileWithTwoIfsAtTheSameLevel_ejemplo9" classname="uma.master.isia.refactoring.StructuralTest" time="0.014"/>
  <testcase name="testNestedExceptionsWithContinues_ejemplo54" classname="uma.master.isia.refactoring.StructuralTest" time="0.034"/>
  <testcase name="testWhileWithNested3If_ejemplo13" classname="uma.master.isia.refactoring.StructuralTest" time="0.016"/>
  <testcase name="testBreakBelongingSwitch_ejemplo45a" classname="uma.master.isia.refactoring.StructuralTest" time="0.013"/>
  <testcase name="testStructural_ForToWhileWithBreak" classname="uma.master.isia.refactoring.StructuralTest" time="0.013"/>
  <testcase name="testForAndWhileWithBreak_ejemplo2" classname="uma.master.isia.refactoring.StructuralTest" time="0.022"/>
</testsuite>